2019-05-22 19:56:56,718 [Worker-3] INFO  c.g.t.t.d.PublishedGradleVersions - Gradle version information cache is out-of-date. Trying to update.
2019-05-22 19:56:57,062 [Worker-3] INFO  c.g.t.t.d.PublishedGradleVersions - Updating Gradle version information cache failed. Using outdated cache.
2019-05-22 20:10:31,104 [Worker-31] INFO  o.e.m.c.i.l.LifecycleMappingFactory - Using org.eclipse.m2e.jdt.JarLifecycleMapping lifecycle mapping for MavenProject: 02_ConceitosJPA:02_ConceitosJPA:1.0.0 @ C:\Users\logonrmlocal\Desktop\git\02_ConceitosJPA\pom.xml.
2019-05-22 20:10:31,838 [Worker-30] WARN  o.e.m.c.i.embedder.EclipseLogger - Using platform encoding (Cp1252 actually) to copy filtered resources, i.e. build is platform dependent!
2019-05-22 20:10:31,844 [Worker-30] INFO  o.e.m.c.i.embedder.EclipseLogger - Copying 1 resource
2019-05-22 20:10:31,855 [Worker-30] WARN  o.e.m.c.i.embedder.EclipseLogger - Using platform encoding (Cp1252 actually) to copy filtered resources, i.e. build is platform dependent!
2019-05-22 20:10:31,856 [Worker-30] INFO  o.e.m.c.i.embedder.EclipseLogger - skip non existing resourceDirectory C:\Users\logonrmlocal\Desktop\git\02_ConceitosJPA\src\test\resources
2019-05-22 20:10:31,868 [Worker-31] INFO  o.e.m.j.i.AbstractJavaProjectConfigurator - Adding source folder /02_ConceitosJPA/src
2019-05-22 20:10:31,869 [Worker-31] INFO  o.e.m.j.i.AbstractJavaProjectConfigurator - Resources folder /02_ConceitosJPA/src overlaps with sources folder /02_ConceitosJPA/src
2019-05-22 20:10:31,871 [Worker-31] INFO  o.e.m.j.i.AbstractJavaProjectConfigurator - Not adding source folder /02_ConceitosJPA/src/test/java because it overlaps with /02_ConceitosJPA/src
2019-05-22 20:10:31,965 [Worker-31] INFO  o.e.m.c.i.p.ProjectConfigurationManager - Update started
2019-05-22 20:10:32,372 [Worker-31] INFO  o.e.m.c.i.l.LifecycleMappingFactory - Using org.eclipse.m2e.jdt.JarLifecycleMapping lifecycle mapping for MavenProject: 02_ConceitosJPA:02_ConceitosJPA:1.0.0 @ C:\Users\logonrmlocal\Desktop\git\02_ConceitosJPA\pom.xml.
2019-05-22 20:10:32,614 [Worker-31] INFO  o.e.m.j.i.AbstractJavaProjectConfigurator - Adding source folder /02_ConceitosJPA/src
2019-05-22 20:10:32,614 [Worker-31] INFO  o.e.m.j.i.AbstractJavaProjectConfigurator - Resources folder /02_ConceitosJPA/src overlaps with sources folder /02_ConceitosJPA/src
2019-05-22 20:10:32,621 [Worker-31] INFO  o.e.m.j.i.AbstractJavaProjectConfigurator - Not adding source folder /02_ConceitosJPA/src/test/java because it overlaps with /02_ConceitosJPA/src
2019-05-22 20:10:32,697 [Worker-31] INFO  o.e.m.c.i.p.ProjectConfigurationManager - Update completed: 0 sec
2019-05-22 20:10:32,937 [Worker-33] WARN  o.e.m.c.i.embedder.EclipseLogger - Using platform encoding (Cp1252 actually) to copy filtered resources, i.e. build is platform dependent!
2019-05-22 20:10:32,938 [Worker-33] INFO  o.e.m.c.i.embedder.EclipseLogger - Copying 1 resource
2019-05-22 20:10:32,949 [Worker-33] WARN  o.e.m.c.i.embedder.EclipseLogger - Using platform encoding (Cp1252 actually) to copy filtered resources, i.e. build is platform dependent!
2019-05-22 20:10:32,950 [Worker-33] INFO  o.e.m.c.i.embedder.EclipseLogger - skip non existing resourceDirectory C:\Users\logonrmlocal\Desktop\git\02_ConceitosJPA\src\test\resources
2019-05-22 20:12:45,555 [Worker-38] INFO  o.e.m.c.i.l.LifecycleMappingFactory - Using org.eclipse.m2e.jdt.JarLifecycleMapping lifecycle mapping for MavenProject: 02_ConceitosJPA:02_ConceitosJPA:1.0.0 @ C:\Users\logonrmlocal\Desktop\git\02_ConceitosJPA\pom.xml.
2019-05-22 20:12:45,696 [Worker-38] WARN  o.e.m.c.i.embedder.EclipseLogger - Using platform encoding (Cp1252 actually) to copy filtered resources, i.e. build is platform dependent!
2019-05-22 20:12:45,698 [Worker-38] INFO  o.e.m.c.i.embedder.EclipseLogger - Copying 0 resource
2019-05-22 20:12:45,700 [Worker-38] WARN  o.e.m.c.i.embedder.EclipseLogger - Using platform encoding (Cp1252 actually) to copy filtered resources, i.e. build is platform dependent!
2019-05-22 20:12:45,701 [Worker-38] INFO  o.e.m.c.i.embedder.EclipseLogger - skip non existing resourceDirectory C:\Users\logonrmlocal\Desktop\git\02_ConceitosJPA\src\test\resources
2019-05-22 20:13:06,675 [Worker-40] INFO  o.e.m.c.i.l.LifecycleMappingFactory - Using org.eclipse.m2e.jdt.JarLifecycleMapping lifecycle mapping for MavenProject: 02_ConceitosJPA:02_ConceitosJPA:1.0.0 @ C:\Users\logonrmlocal\Desktop\git\02_ConceitosJPA\pom.xml.
2019-05-22 20:13:07,759 [Worker-40] INFO  o.e.m.c.i.e.AbstractTransferListenerAdapter - Downloading https://repo.maven.apache.org/maven2/org/hibernate/orm/hibernate-core/6.0.0.Alpha1/hibernate-core-6.0.0.Alpha1.pom
2019-05-22 20:13:07,919 [Worker-40] INFO  o.e.m.c.i.e.AbstractTransferListenerAdapter - Downloaded https://repo.maven.apache.org/maven2/org/hibernate/orm/hibernate-core/6.0.0.Alpha1/hibernate-core-6.0.0.Alpha1.pom
2019-05-22 20:13:08,097 [Worker-40] INFO  o.e.m.c.i.e.AbstractTransferListenerAdapter - Downloading https://repo.maven.apache.org/maven2/org/jboss/logging/jboss-logging/3.3.2.Final/jboss-logging-3.3.2.Final.pom
2019-05-22 20:13:08,244 [Worker-40] INFO  o.e.m.c.i.e.AbstractTransferListenerAdapter - Downloaded https://repo.maven.apache.org/maven2/org/jboss/logging/jboss-logging/3.3.2.Final/jboss-logging-3.3.2.Final.pom
2019-05-22 20:13:08,426 [Worker-40] INFO  o.e.m.c.i.e.AbstractTransferListenerAdapter - Downloading https://repo.maven.apache.org/maven2/javax/persistence/javax.persistence-api/2.2/javax.persistence-api-2.2.pom
2019-05-22 20:13:08,565 [Worker-40] INFO  o.e.m.c.i.e.AbstractTransferListenerAdapter - Downloaded https://repo.maven.apache.org/maven2/javax/persistence/javax.persistence-api/2.2/javax.persistence-api-2.2.pom
2019-05-22 20:13:08,720 [Worker-40] INFO  o.e.m.c.i.e.AbstractTransferListenerAdapter - Downloading https://repo.maven.apache.org/maven2/org/javassist/javassist/3.24.0-GA/javassist-3.24.0-GA.pom
2019-05-22 20:13:08,861 [Worker-40] INFO  o.e.m.c.i.e.AbstractTransferListenerAdapter - Downloaded https://repo.maven.apache.org/maven2/org/javassist/javassist/3.24.0-GA/javassist-3.24.0-GA.pom
2019-05-22 20:13:09,170 [Worker-40] INFO  o.e.m.c.i.e.AbstractTransferListenerAdapter - Downloading https://repo.maven.apache.org/maven2/net/bytebuddy/byte-buddy/1.9.5/byte-buddy-1.9.5.pom
2019-05-22 20:13:09,316 [Worker-40] INFO  o.e.m.c.i.e.AbstractTransferListenerAdapter - Downloaded https://repo.maven.apache.org/maven2/net/bytebuddy/byte-buddy/1.9.5/byte-buddy-1.9.5.pom
2019-05-22 20:13:09,470 [Worker-40] INFO  o.e.m.c.i.e.AbstractTransferListenerAdapter - Downloading https://repo.maven.apache.org/maven2/net/bytebuddy/byte-buddy-parent/1.9.5/byte-buddy-parent-1.9.5.pom
2019-05-22 20:13:09,755 [Worker-40] INFO  o.e.m.c.i.e.AbstractTransferListenerAdapter - Downloaded https://repo.maven.apache.org/maven2/net/bytebuddy/byte-buddy-parent/1.9.5/byte-buddy-parent-1.9.5.pom
2019-05-22 20:13:09,944 [Worker-40] INFO  o.e.m.c.i.e.AbstractTransferListenerAdapter - Downloading https://repo.maven.apache.org/maven2/org/antlr/antlr4/4.7.1/antlr4-4.7.1.pom
2019-05-22 20:13:10,092 [Worker-40] INFO  o.e.m.c.i.e.AbstractTransferListenerAdapter - Downloaded https://repo.maven.apache.org/maven2/org/antlr/antlr4/4.7.1/antlr4-4.7.1.pom
2019-05-22 20:13:10,246 [Worker-40] INFO  o.e.m.c.i.e.AbstractTransferListenerAdapter - Downloading https://repo.maven.apache.org/maven2/org/antlr/antlr4-master/4.7.1/antlr4-master-4.7.1.pom
2019-05-22 20:13:10,388 [Worker-40] INFO  o.e.m.c.i.e.AbstractTransferListenerAdapter - Downloaded https://repo.maven.apache.org/maven2/org/antlr/antlr4-master/4.7.1/antlr4-master-4.7.1.pom
2019-05-22 20:13:10,542 [Worker-40] INFO  o.e.m.c.i.e.AbstractTransferListenerAdapter - Downloading https://repo.maven.apache.org/maven2/org/antlr/antlr4-runtime/4.7.1/antlr4-runtime-4.7.1.pom
2019-05-22 20:13:10,689 [Worker-40] INFO  o.e.m.c.i.e.AbstractTransferListenerAdapter - Downloaded https://repo.maven.apache.org/maven2/org/antlr/antlr4-runtime/4.7.1/antlr4-runtime-4.7.1.pom
2019-05-22 20:13:10,888 [Worker-40] INFO  o.e.m.c.i.e.AbstractTransferListenerAdapter - Downloading https://repo.maven.apache.org/maven2/org/antlr/antlr-runtime/3.5.2/antlr-runtime-3.5.2.pom
2019-05-22 20:13:11,035 [Worker-40] INFO  o.e.m.c.i.e.AbstractTransferListenerAdapter - Downloaded https://repo.maven.apache.org/maven2/org/antlr/antlr-runtime/3.5.2/antlr-runtime-3.5.2.pom
2019-05-22 20:13:11,186 [Worker-40] INFO  o.e.m.c.i.e.AbstractTransferListenerAdapter - Downloading https://repo.maven.apache.org/maven2/org/antlr/antlr-master/3.5.2/antlr-master-3.5.2.pom
2019-05-22 20:13:11,332 [Worker-40] INFO  o.e.m.c.i.e.AbstractTransferListenerAdapter - Downloaded https://repo.maven.apache.org/maven2/org/antlr/antlr-master/3.5.2/antlr-master-3.5.2.pom
2019-05-22 20:13:11,490 [Worker-40] INFO  o.e.m.c.i.e.AbstractTransferListenerAdapter - Downloading https://repo.maven.apache.org/maven2/org/antlr/ST4/4.0.8/ST4-4.0.8.pom
2019-05-22 20:13:11,638 [Worker-40] INFO  o.e.m.c.i.e.AbstractTransferListenerAdapter - Downloaded https://repo.maven.apache.org/maven2/org/antlr/ST4/4.0.8/ST4-4.0.8.pom
2019-05-22 20:13:11,798 [Worker-40] INFO  o.e.m.c.i.e.AbstractTransferListenerAdapter - Downloading https://repo.maven.apache.org/maven2/org/abego/treelayout/org.abego.treelayout.core/1.0.3/org.abego.treelayout.core-1.0.3.pom
2019-05-22 20:13:11,943 [Worker-40] INFO  o.e.m.c.i.e.AbstractTransferListenerAdapter - Downloaded https://repo.maven.apache.org/maven2/org/abego/treelayout/org.abego.treelayout.core/1.0.3/org.abego.treelayout.core-1.0.3.pom
2019-05-22 20:13:12,115 [Worker-40] INFO  o.e.m.c.i.e.AbstractTransferListenerAdapter - Downloading https://repo.maven.apache.org/maven2/org/glassfish/javax.json/1.0.4/javax.json-1.0.4.pom
2019-05-22 20:13:12,264 [Worker-40] INFO  o.e.m.c.i.e.AbstractTransferListenerAdapter - Downloaded https://repo.maven.apache.org/maven2/org/glassfish/javax.json/1.0.4/javax.json-1.0.4.pom
2019-05-22 20:13:12,419 [Worker-40] INFO  o.e.m.c.i.e.AbstractTransferListenerAdapter - Downloading https://repo.maven.apache.org/maven2/org/glassfish/json/1.0.4/json-1.0.4.pom
2019-05-22 20:13:12,567 [Worker-40] INFO  o.e.m.c.i.e.AbstractTransferListenerAdapter - Downloaded https://repo.maven.apache.org/maven2/org/glassfish/json/1.0.4/json-1.0.4.pom
2019-05-22 20:13:12,722 [Worker-40] INFO  o.e.m.c.i.e.AbstractTransferListenerAdapter - Downloading https://repo.maven.apache.org/maven2/com/ibm/icu/icu4j/58.2/icu4j-58.2.pom
2019-05-22 20:13:12,888 [Worker-40] INFO  o.e.m.c.i.e.AbstractTransferListenerAdapter - Downloaded https://repo.maven.apache.org/maven2/com/ibm/icu/icu4j/58.2/icu4j-58.2.pom
2019-05-22 20:13:13,043 [Worker-40] INFO  o.e.m.c.i.e.AbstractTransferListenerAdapter - Downloading https://repo.maven.apache.org/maven2/org/jboss/spec/javax/transaction/jboss-transaction-api_1.2_spec/1.1.1.Final/jboss-transaction-api_1.2_spec-1.1.1.Final.pom
2019-05-22 20:13:13,190 [Worker-40] INFO  o.e.m.c.i.e.AbstractTransferListenerAdapter - Downloaded https://repo.maven.apache.org/maven2/org/jboss/spec/javax/transaction/jboss-transaction-api_1.2_spec/1.1.1.Final/jboss-transaction-api_1.2_spec-1.1.1.Final.pom
2019-05-22 20:13:13,343 [Worker-40] INFO  o.e.m.c.i.e.AbstractTransferListenerAdapter - Downloading https://repo.maven.apache.org/maven2/org/jboss/jboss-parent/25/jboss-parent-25.pom
2019-05-22 20:13:13,488 [Worker-40] INFO  o.e.m.c.i.e.AbstractTransferListenerAdapter - Downloaded https://repo.maven.apache.org/maven2/org/jboss/jboss-parent/25/jboss-parent-25.pom
2019-05-22 20:13:13,644 [Worker-40] INFO  o.e.m.c.i.e.AbstractTransferListenerAdapter - Downloading https://repo.maven.apache.org/maven2/org/jboss/jandex/2.0.5.Final/jandex-2.0.5.Final.pom
2019-05-22 20:13:13,794 [Worker-40] INFO  o.e.m.c.i.e.AbstractTransferListenerAdapter - Downloaded https://repo.maven.apache.org/maven2/org/jboss/jandex/2.0.5.Final/jandex-2.0.5.Final.pom
2019-05-22 20:13:13,977 [Worker-40] INFO  o.e.m.c.i.e.AbstractTransferListenerAdapter - Downloading https://repo.maven.apache.org/maven2/com/fasterxml/classmate/1.3.4/classmate-1.3.4.pom
2019-05-22 20:13:14,120 [Worker-40] INFO  o.e.m.c.i.e.AbstractTransferListenerAdapter - Downloaded https://repo.maven.apache.org/maven2/com/fasterxml/classmate/1.3.4/classmate-1.3.4.pom
2019-05-22 20:13:14,304 [Worker-40] INFO  o.e.m.c.i.e.AbstractTransferListenerAdapter - Downloading https://repo.maven.apache.org/maven2/javax/activation/javax.activation-api/1.2.0/javax.activation-api-1.2.0.pom
2019-05-22 20:13:14,498 [Worker-40] INFO  o.e.m.c.i.e.AbstractTransferListenerAdapter - Downloaded https://repo.maven.apache.org/maven2/javax/activation/javax.activation-api/1.2.0/javax.activation-api-1.2.0.pom
2019-05-22 20:13:14,640 [Worker-40] INFO  o.e.m.c.i.e.AbstractTransferListenerAdapter - Downloading https://repo.maven.apache.org/maven2/com/sun/activation/all/1.2.0/all-1.2.0.pom
2019-05-22 20:13:14,789 [Worker-40] INFO  o.e.m.c.i.e.AbstractTransferListenerAdapter - Downloaded https://repo.maven.apache.org/maven2/com/sun/activation/all/1.2.0/all-1.2.0.pom
2019-05-22 20:13:14,943 [Worker-40] INFO  o.e.m.c.i.e.AbstractTransferListenerAdapter - Downloading https://repo.maven.apache.org/maven2/net/java/jvnet-parent/1/jvnet-parent-1.pom
2019-05-22 20:13:15,088 [Worker-40] INFO  o.e.m.c.i.e.AbstractTransferListenerAdapter - Downloaded https://repo.maven.apache.org/maven2/net/java/jvnet-parent/1/jvnet-parent-1.pom
2019-05-22 20:13:15,241 [Worker-40] INFO  o.e.m.c.i.e.AbstractTransferListenerAdapter - Downloading https://repo.maven.apache.org/maven2/org/dom4j/dom4j/2.1.1/dom4j-2.1.1.pom
2019-05-22 20:13:15,381 [Worker-40] INFO  o.e.m.c.i.e.AbstractTransferListenerAdapter - Downloaded https://repo.maven.apache.org/maven2/org/dom4j/dom4j/2.1.1/dom4j-2.1.1.pom
2019-05-22 20:13:15,563 [Worker-40] INFO  o.e.m.c.i.e.AbstractTransferListenerAdapter - Downloading https://repo.maven.apache.org/maven2/org/hibernate/common/hibernate-commons-annotations/5.1.0.Final/hibernate-commons-annotations-5.1.0.Final.pom
2019-05-22 20:13:15,709 [Worker-40] INFO  o.e.m.c.i.e.AbstractTransferListenerAdapter - Downloaded https://repo.maven.apache.org/maven2/org/hibernate/common/hibernate-commons-annotations/5.1.0.Final/hibernate-commons-annotations-5.1.0.Final.pom
2019-05-22 20:13:15,865 [Worker-40] INFO  o.e.m.c.i.e.AbstractTransferListenerAdapter - Downloading https://repo.maven.apache.org/maven2/javax/xml/bind/jaxb-api/2.3.1/jaxb-api-2.3.1.pom
2019-05-22 20:13:16,016 [Worker-40] INFO  o.e.m.c.i.e.AbstractTransferListenerAdapter - Downloaded https://repo.maven.apache.org/maven2/javax/xml/bind/jaxb-api/2.3.1/jaxb-api-2.3.1.pom
2019-05-22 20:13:16,171 [Worker-40] INFO  o.e.m.c.i.e.AbstractTransferListenerAdapter - Downloading https://repo.maven.apache.org/maven2/javax/xml/bind/jaxb-api-parent/2.3.1/jaxb-api-parent-2.3.1.pom
2019-05-22 20:13:16,317 [Worker-40] INFO  o.e.m.c.i.e.AbstractTransferListenerAdapter - Downloaded https://repo.maven.apache.org/maven2/javax/xml/bind/jaxb-api-parent/2.3.1/jaxb-api-parent-2.3.1.pom
2019-05-22 20:13:16,476 [Worker-40] INFO  o.e.m.c.i.e.AbstractTransferListenerAdapter - Downloading https://repo.maven.apache.org/maven2/org/glassfish/jaxb/jaxb-runtime/2.3.1/jaxb-runtime-2.3.1.pom
2019-05-22 20:13:16,624 [Worker-40] INFO  o.e.m.c.i.e.AbstractTransferListenerAdapter - Downloaded https://repo.maven.apache.org/maven2/org/glassfish/jaxb/jaxb-runtime/2.3.1/jaxb-runtime-2.3.1.pom
2019-05-22 20:13:16,784 [Worker-40] INFO  o.e.m.c.i.e.AbstractTransferListenerAdapter - Downloading https://repo.maven.apache.org/maven2/com/sun/xml/bind/mvn/jaxb-runtime-parent/2.3.1/jaxb-runtime-parent-2.3.1.pom
2019-05-22 20:13:16,928 [Worker-40] INFO  o.e.m.c.i.e.AbstractTransferListenerAdapter - Downloaded https://repo.maven.apache.org/maven2/com/sun/xml/bind/mvn/jaxb-runtime-parent/2.3.1/jaxb-runtime-parent-2.3.1.pom
2019-05-22 20:13:17,083 [Worker-40] INFO  o.e.m.c.i.e.AbstractTransferListenerAdapter - Downloading https://repo.maven.apache.org/maven2/com/sun/xml/bind/mvn/jaxb-parent/2.3.1/jaxb-parent-2.3.1.pom
2019-05-22 20:13:17,236 [Worker-40] INFO  o.e.m.c.i.e.AbstractTransferListenerAdapter - Downloaded https://repo.maven.apache.org/maven2/com/sun/xml/bind/mvn/jaxb-parent/2.3.1/jaxb-parent-2.3.1.pom
2019-05-22 20:13:17,384 [Worker-40] INFO  o.e.m.c.i.e.AbstractTransferListenerAdapter - Downloading https://repo.maven.apache.org/maven2/com/sun/xml/bind/jaxb-bom-ext/2.3.1/jaxb-bom-ext-2.3.1.pom
2019-05-22 20:13:17,530 [Worker-40] INFO  o.e.m.c.i.e.AbstractTransferListenerAdapter - Downloaded https://repo.maven.apache.org/maven2/com/sun/xml/bind/jaxb-bom-ext/2.3.1/jaxb-bom-ext-2.3.1.pom
2019-05-22 20:13:17,681 [Worker-40] INFO  o.e.m.c.i.e.AbstractTransferListenerAdapter - Downloading https://repo.maven.apache.org/maven2/org/glassfish/jaxb/jaxb-bom/2.3.1/jaxb-bom-2.3.1.pom
2019-05-22 20:13:17,827 [Worker-40] INFO  o.e.m.c.i.e.AbstractTransferListenerAdapter - Downloaded https://repo.maven.apache.org/maven2/org/glassfish/jaxb/jaxb-bom/2.3.1/jaxb-bom-2.3.1.pom
2019-05-22 20:13:17,989 [Worker-40] INFO  o.e.m.c.i.e.AbstractTransferListenerAdapter - Downloading https://repo.maven.apache.org/maven2/org/glassfish/jaxb/txw2/2.3.1/txw2-2.3.1.pom
2019-05-22 20:13:18,139 [Worker-40] INFO  o.e.m.c.i.e.AbstractTransferListenerAdapter - Downloaded https://repo.maven.apache.org/maven2/org/glassfish/jaxb/txw2/2.3.1/txw2-2.3.1.pom
2019-05-22 20:13:18,294 [Worker-40] INFO  o.e.m.c.i.e.AbstractTransferListenerAdapter - Downloading https://repo.maven.apache.org/maven2/com/sun/xml/bind/mvn/jaxb-txw-parent/2.3.1/jaxb-txw-parent-2.3.1.pom
2019-05-22 20:13:18,441 [Worker-40] INFO  o.e.m.c.i.e.AbstractTransferListenerAdapter - Downloaded https://repo.maven.apache.org/maven2/com/sun/xml/bind/mvn/jaxb-txw-parent/2.3.1/jaxb-txw-parent-2.3.1.pom
2019-05-22 20:13:18,598 [Worker-40] INFO  o.e.m.c.i.e.AbstractTransferListenerAdapter - Downloading https://repo.maven.apache.org/maven2/com/sun/istack/istack-commons-runtime/3.0.7/istack-commons-runtime-3.0.7.pom
2019-05-22 20:13:18,745 [Worker-40] INFO  o.e.m.c.i.e.AbstractTransferListenerAdapter - Downloaded https://repo.maven.apache.org/maven2/com/sun/istack/istack-commons-runtime/3.0.7/istack-commons-runtime-3.0.7.pom
2019-05-22 20:13:18,899 [Worker-40] INFO  o.e.m.c.i.e.AbstractTransferListenerAdapter - Downloading https://repo.maven.apache.org/maven2/com/sun/istack/istack-commons/3.0.7/istack-commons-3.0.7.pom
2019-05-22 20:13:19,046 [Worker-40] INFO  o.e.m.c.i.e.AbstractTransferListenerAdapter - Downloaded https://repo.maven.apache.org/maven2/com/sun/istack/istack-commons/3.0.7/istack-commons-3.0.7.pom
2019-05-22 20:13:19,190 [Worker-40] INFO  o.e.m.c.i.e.AbstractTransferListenerAdapter - Downloading https://repo.maven.apache.org/maven2/org/jvnet/staxex/stax-ex/1.8/stax-ex-1.8.pom
2019-05-22 20:13:19,337 [Worker-40] INFO  o.e.m.c.i.e.AbstractTransferListenerAdapter - Downloaded https://repo.maven.apache.org/maven2/org/jvnet/staxex/stax-ex/1.8/stax-ex-1.8.pom
2019-05-22 20:13:19,487 [Worker-40] INFO  o.e.m.c.i.e.AbstractTransferListenerAdapter - Downloading https://repo.maven.apache.org/maven2/com/sun/xml/fastinfoset/FastInfoset/1.2.15/FastInfoset-1.2.15.pom
2019-05-22 20:13:19,631 [Worker-40] INFO  o.e.m.c.i.e.AbstractTransferListenerAdapter - Downloaded https://repo.maven.apache.org/maven2/com/sun/xml/fastinfoset/FastInfoset/1.2.15/FastInfoset-1.2.15.pom
2019-05-22 20:13:19,773 [Worker-40] INFO  o.e.m.c.i.e.AbstractTransferListenerAdapter - Downloading https://repo.maven.apache.org/maven2/com/sun/xml/fastinfoset/fastinfoset-project/1.2.15/fastinfoset-project-1.2.15.pom
2019-05-22 20:13:19,922 [Worker-40] INFO  o.e.m.c.i.e.AbstractTransferListenerAdapter - Downloaded https://repo.maven.apache.org/maven2/com/sun/xml/fastinfoset/fastinfoset-project/1.2.15/fastinfoset-project-1.2.15.pom
2019-05-22 20:13:20,239 [Worker-40] INFO  o.e.m.c.i.e.AbstractTransferListenerAdapter - Downloading https://repo.maven.apache.org/maven2/org/hibernate/orm/hibernate-core/6.0.0.Alpha1/hibernate-core-6.0.0.Alpha1.jar
2019-05-22 20:13:27,057 [Worker-40] INFO  o.e.m.c.i.e.AbstractTransferListenerAdapter - Downloaded https://repo.maven.apache.org/maven2/org/hibernate/orm/hibernate-core/6.0.0.Alpha1/hibernate-core-6.0.0.Alpha1.jar
2019-05-22 20:13:27,195 [Worker-40] INFO  o.e.m.c.i.e.AbstractTransferListenerAdapter - Downloading https://repo.maven.apache.org/maven2/org/jboss/logging/jboss-logging/3.3.2.Final/jboss-logging-3.3.2.Final.jar
2019-05-22 20:13:27,337 [Worker-40] INFO  o.e.m.c.i.e.AbstractTransferListenerAdapter - Downloaded https://repo.maven.apache.org/maven2/org/jboss/logging/jboss-logging/3.3.2.Final/jboss-logging-3.3.2.Final.jar
2019-05-22 20:13:27,474 [Worker-40] INFO  o.e.m.c.i.e.AbstractTransferListenerAdapter - Downloading https://repo.maven.apache.org/maven2/javax/persistence/javax.persistence-api/2.2/javax.persistence-api-2.2.jar
2019-05-22 20:13:27,755 [Worker-40] INFO  o.e.m.c.i.e.AbstractTransferListenerAdapter - Downloaded https://repo.maven.apache.org/maven2/javax/persistence/javax.persistence-api/2.2/javax.persistence-api-2.2.jar
2019-05-22 20:13:27,898 [Worker-40] INFO  o.e.m.c.i.e.AbstractTransferListenerAdapter - Downloading https://repo.maven.apache.org/maven2/org/javassist/javassist/3.24.0-GA/javassist-3.24.0-GA.jar
2019-05-22 20:13:28,591 [Worker-40] INFO  o.e.m.c.i.e.AbstractTransferListenerAdapter - Downloaded https://repo.maven.apache.org/maven2/org/javassist/javassist/3.24.0-GA/javassist-3.24.0-GA.jar
2019-05-22 20:13:28,740 [Worker-40] INFO  o.e.m.c.i.e.AbstractTransferListenerAdapter - Downloading https://repo.maven.apache.org/maven2/net/bytebuddy/byte-buddy/1.9.5/byte-buddy-1.9.5.jar
2019-05-22 20:13:31,645 [Worker-40] INFO  o.e.m.c.i.e.AbstractTransferListenerAdapter - Downloaded https://repo.maven.apache.org/maven2/net/bytebuddy/byte-buddy/1.9.5/byte-buddy-1.9.5.jar
2019-05-22 20:13:31,845 [Worker-40] INFO  o.e.m.c.i.e.AbstractTransferListenerAdapter - Downloading https://repo.maven.apache.org/maven2/org/antlr/antlr4/4.7.1/antlr4-4.7.1.jar
2019-05-22 20:13:33,120 [Worker-40] INFO  o.e.m.c.i.e.AbstractTransferListenerAdapter - Downloaded https://repo.maven.apache.org/maven2/org/antlr/antlr4/4.7.1/antlr4-4.7.1.jar
2019-05-22 20:13:33,262 [Worker-40] INFO  o.e.m.c.i.e.AbstractTransferListenerAdapter - Downloading https://repo.maven.apache.org/maven2/org/antlr/antlr4-runtime/4.7.1/antlr4-runtime-4.7.1.jar
2019-05-22 20:13:33,687 [Worker-40] INFO  o.e.m.c.i.e.AbstractTransferListenerAdapter - Downloaded https://repo.maven.apache.org/maven2/org/antlr/antlr4-runtime/4.7.1/antlr4-runtime-4.7.1.jar
2019-05-22 20:13:33,831 [Worker-40] INFO  o.e.m.c.i.e.AbstractTransferListenerAdapter - Downloading https://repo.maven.apache.org/maven2/org/antlr/antlr-runtime/3.5.2/antlr-runtime-3.5.2.jar
2019-05-22 20:13:34,112 [Worker-40] INFO  o.e.m.c.i.e.AbstractTransferListenerAdapter - Downloaded https://repo.maven.apache.org/maven2/org/antlr/antlr-runtime/3.5.2/antlr-runtime-3.5.2.jar
2019-05-22 20:13:34,252 [Worker-40] INFO  o.e.m.c.i.e.AbstractTransferListenerAdapter - Downloading https://repo.maven.apache.org/maven2/org/antlr/ST4/4.0.8/ST4-4.0.8.jar
2019-05-22 20:13:34,547 [Worker-40] INFO  o.e.m.c.i.e.AbstractTransferListenerAdapter - Downloaded https://repo.maven.apache.org/maven2/org/antlr/ST4/4.0.8/ST4-4.0.8.jar
2019-05-22 20:13:34,689 [Worker-40] INFO  o.e.m.c.i.e.AbstractTransferListenerAdapter - Downloading https://repo.maven.apache.org/maven2/org/abego/treelayout/org.abego.treelayout.core/1.0.3/org.abego.treelayout.core-1.0.3.jar
2019-05-22 20:13:34,836 [Worker-40] INFO  o.e.m.c.i.e.AbstractTransferListenerAdapter - Downloaded https://repo.maven.apache.org/maven2/org/abego/treelayout/org.abego.treelayout.core/1.0.3/org.abego.treelayout.core-1.0.3.jar
2019-05-22 20:13:34,988 [Worker-40] INFO  o.e.m.c.i.e.AbstractTransferListenerAdapter - Downloading https://repo.maven.apache.org/maven2/org/glassfish/javax.json/1.0.4/javax.json-1.0.4.jar
2019-05-22 20:13:35,147 [Worker-40] INFO  o.e.m.c.i.e.AbstractTransferListenerAdapter - Downloaded https://repo.maven.apache.org/maven2/org/glassfish/javax.json/1.0.4/javax.json-1.0.4.jar
2019-05-22 20:13:35,286 [Worker-40] INFO  o.e.m.c.i.e.AbstractTransferListenerAdapter - Downloading https://repo.maven.apache.org/maven2/com/ibm/icu/icu4j/58.2/icu4j-58.2.jar
2019-05-22 20:13:45,433 [Worker-40] INFO  o.e.m.c.i.e.AbstractTransferListenerAdapter - Downloaded https://repo.maven.apache.org/maven2/com/ibm/icu/icu4j/58.2/icu4j-58.2.jar
2019-05-22 20:13:45,575 [Worker-40] INFO  o.e.m.c.i.e.AbstractTransferListenerAdapter - Downloading https://repo.maven.apache.org/maven2/org/jboss/spec/javax/transaction/jboss-transaction-api_1.2_spec/1.1.1.Final/jboss-transaction-api_1.2_spec-1.1.1.Final.jar
2019-05-22 20:13:45,722 [Worker-40] INFO  o.e.m.c.i.e.AbstractTransferListenerAdapter - Downloaded https://repo.maven.apache.org/maven2/org/jboss/spec/javax/transaction/jboss-transaction-api_1.2_spec/1.1.1.Final/jboss-transaction-api_1.2_spec-1.1.1.Final.jar
2019-05-22 20:13:45,861 [Worker-40] INFO  o.e.m.c.i.e.AbstractTransferListenerAdapter - Downloading https://repo.maven.apache.org/maven2/org/jboss/jandex/2.0.5.Final/jandex-2.0.5.Final.jar
2019-05-22 20:13:46,140 [Worker-40] INFO  o.e.m.c.i.e.AbstractTransferListenerAdapter - Downloaded https://repo.maven.apache.org/maven2/org/jboss/jandex/2.0.5.Final/jandex-2.0.5.Final.jar
2019-05-22 20:13:46,279 [Worker-40] INFO  o.e.m.c.i.e.AbstractTransferListenerAdapter - Downloading https://repo.maven.apache.org/maven2/com/fasterxml/classmate/1.3.4/classmate-1.3.4.jar
2019-05-22 20:13:46,426 [Worker-40] INFO  o.e.m.c.i.e.AbstractTransferListenerAdapter - Downloaded https://repo.maven.apache.org/maven2/com/fasterxml/classmate/1.3.4/classmate-1.3.4.jar
2019-05-22 20:13:46,567 [Worker-40] INFO  o.e.m.c.i.e.AbstractTransferListenerAdapter - Downloading https://repo.maven.apache.org/maven2/javax/activation/javax.activation-api/1.2.0/javax.activation-api-1.2.0.jar
2019-05-22 20:13:46,717 [Worker-40] INFO  o.e.m.c.i.e.AbstractTransferListenerAdapter - Downloaded https://repo.maven.apache.org/maven2/javax/activation/javax.activation-api/1.2.0/javax.activation-api-1.2.0.jar
2019-05-22 20:13:46,858 [Worker-40] INFO  o.e.m.c.i.e.AbstractTransferListenerAdapter - Downloading https://repo.maven.apache.org/maven2/org/dom4j/dom4j/2.1.1/dom4j-2.1.1.jar
2019-05-22 20:13:47,273 [Worker-40] INFO  o.e.m.c.i.e.AbstractTransferListenerAdapter - Downloaded https://repo.maven.apache.org/maven2/org/dom4j/dom4j/2.1.1/dom4j-2.1.1.jar
2019-05-22 20:13:47,417 [Worker-40] INFO  o.e.m.c.i.e.AbstractTransferListenerAdapter - Downloading https://repo.maven.apache.org/maven2/org/hibernate/common/hibernate-commons-annotations/5.1.0.Final/hibernate-commons-annotations-5.1.0.Final.jar
2019-05-22 20:13:47,569 [Worker-40] INFO  o.e.m.c.i.e.AbstractTransferListenerAdapter - Downloaded https://repo.maven.apache.org/maven2/org/hibernate/common/hibernate-commons-annotations/5.1.0.Final/hibernate-commons-annotations-5.1.0.Final.jar
2019-05-22 20:13:47,710 [Worker-40] INFO  o.e.m.c.i.e.AbstractTransferListenerAdapter - Downloading https://repo.maven.apache.org/maven2/javax/xml/bind/jaxb-api/2.3.1/jaxb-api-2.3.1.jar
2019-05-22 20:13:47,857 [Worker-40] INFO  o.e.m.c.i.e.AbstractTransferListenerAdapter - Downloaded https://repo.maven.apache.org/maven2/javax/xml/bind/jaxb-api/2.3.1/jaxb-api-2.3.1.jar
2019-05-22 20:13:47,998 [Worker-40] INFO  o.e.m.c.i.e.AbstractTransferListenerAdapter - Downloading https://repo.maven.apache.org/maven2/org/glassfish/jaxb/jaxb-runtime/2.3.1/jaxb-runtime-2.3.1.jar
2019-05-22 20:13:49,025 [Worker-40] INFO  o.e.m.c.i.e.AbstractTransferListenerAdapter - Downloaded https://repo.maven.apache.org/maven2/org/glassfish/jaxb/jaxb-runtime/2.3.1/jaxb-runtime-2.3.1.jar
2019-05-22 20:13:49,165 [Worker-40] INFO  o.e.m.c.i.e.AbstractTransferListenerAdapter - Downloading https://repo.maven.apache.org/maven2/org/glassfish/jaxb/txw2/2.3.1/txw2-2.3.1.jar
2019-05-22 20:13:49,311 [Worker-40] INFO  o.e.m.c.i.e.AbstractTransferListenerAdapter - Downloaded https://repo.maven.apache.org/maven2/org/glassfish/jaxb/txw2/2.3.1/txw2-2.3.1.jar
2019-05-22 20:13:49,452 [Worker-40] INFO  o.e.m.c.i.e.AbstractTransferListenerAdapter - Downloading https://repo.maven.apache.org/maven2/com/sun/istack/istack-commons-runtime/3.0.7/istack-commons-runtime-3.0.7.jar
2019-05-22 20:13:49,600 [Worker-40] INFO  o.e.m.c.i.e.AbstractTransferListenerAdapter - Downloaded https://repo.maven.apache.org/maven2/com/sun/istack/istack-commons-runtime/3.0.7/istack-commons-runtime-3.0.7.jar
2019-05-22 20:13:49,739 [Worker-40] INFO  o.e.m.c.i.e.AbstractTransferListenerAdapter - Downloading https://repo.maven.apache.org/maven2/org/jvnet/staxex/stax-ex/1.8/stax-ex-1.8.jar
2019-05-22 20:13:49,888 [Worker-40] INFO  o.e.m.c.i.e.AbstractTransferListenerAdapter - Downloaded https://repo.maven.apache.org/maven2/org/jvnet/staxex/stax-ex/1.8/stax-ex-1.8.jar
2019-05-22 20:13:50,032 [Worker-40] INFO  o.e.m.c.i.e.AbstractTransferListenerAdapter - Downloading https://repo.maven.apache.org/maven2/com/sun/xml/fastinfoset/FastInfoset/1.2.15/FastInfoset-1.2.15.jar
2019-05-22 20:13:50,328 [Worker-40] INFO  o.e.m.c.i.e.AbstractTransferListenerAdapter - Downloaded https://repo.maven.apache.org/maven2/com/sun/xml/fastinfoset/FastInfoset/1.2.15/FastInfoset-1.2.15.jar
2019-05-22 20:13:53,685 [Worker-40] WARN  o.e.m.c.i.embedder.EclipseLogger - Using platform encoding (Cp1252 actually) to copy filtered resources, i.e. build is platform dependent!
2019-05-22 20:13:53,686 [Worker-40] INFO  o.e.m.c.i.embedder.EclipseLogger - Copying 0 resource
2019-05-22 20:13:53,688 [Worker-40] WARN  o.e.m.c.i.embedder.EclipseLogger - Using platform encoding (Cp1252 actually) to copy filtered resources, i.e. build is platform dependent!
2019-05-22 20:13:53,689 [Worker-40] INFO  o.e.m.c.i.embedder.EclipseLogger - skip non existing resourceDirectory C:\Users\logonrmlocal\Desktop\git\02_ConceitosJPA\src\test\resources
2019-05-22 20:13:55,555 [Worker-40] INFO  o.e.m.c.i.l.LifecycleMappingFactory - Using org.eclipse.m2e.jdt.JarLifecycleMapping lifecycle mapping for MavenProject: 02_ConceitosJPA:02_ConceitosJPA:1.0.0 @ C:\Users\logonrmlocal\Desktop\git\02_ConceitosJPA\pom.xml.
2019-05-22 20:13:56,114 [Worker-40] INFO  o.e.m.c.i.e.AbstractTransferListenerAdapter - Downloading https://repo.maven.apache.org/maven2/org/hibernate/hibernate-core/5.2.10.Final/hibernate-core-5.2.10.Final.pom
2019-05-22 20:13:56,249 [Worker-40] INFO  o.e.m.c.i.e.AbstractTransferListenerAdapter - Downloaded https://repo.maven.apache.org/maven2/org/hibernate/hibernate-core/5.2.10.Final/hibernate-core-5.2.10.Final.pom
2019-05-22 20:13:56,492 [Worker-40] INFO  o.e.m.c.i.e.AbstractTransferListenerAdapter - Downloading https://repo.maven.apache.org/maven2/org/hibernate/hibernate-core/5.2.10.Final/hibernate-core-5.2.10.Final.jar
2019-05-22 20:14:03,714 [Worker-40] INFO  o.e.m.c.i.e.AbstractTransferListenerAdapter - Downloaded https://repo.maven.apache.org/maven2/org/hibernate/hibernate-core/5.2.10.Final/hibernate-core-5.2.10.Final.jar
2019-05-22 20:14:04,174 [Worker-40] WARN  o.e.m.c.i.embedder.EclipseLogger - Using platform encoding (Cp1252 actually) to copy filtered resources, i.e. build is platform dependent!
2019-05-22 20:14:04,177 [Worker-40] INFO  o.e.m.c.i.embedder.EclipseLogger - Copying 1 resource
2019-05-22 20:14:04,185 [Worker-40] WARN  o.e.m.c.i.embedder.EclipseLogger - Using platform encoding (Cp1252 actually) to copy filtered resources, i.e. build is platform dependent!
2019-05-22 20:14:04,185 [Worker-40] INFO  o.e.m.c.i.embedder.EclipseLogger - skip non existing resourceDirectory C:\Users\logonrmlocal\Desktop\git\02_ConceitosJPA\src\test\resources
2019-05-22 20:14:05,240 [Worker-39] WARN  o.e.m.c.i.embedder.EclipseLogger - Using platform encoding (Cp1252 actually) to copy filtered resources, i.e. build is platform dependent!
2019-05-22 20:14:05,241 [Worker-39] INFO  o.e.m.c.i.embedder.EclipseLogger - Copying 1 resource
2019-05-22 20:14:05,243 [Worker-39] WARN  o.e.m.c.i.embedder.EclipseLogger - Using platform encoding (Cp1252 actually) to copy filtered resources, i.e. build is platform dependent!
2019-05-22 20:14:05,244 [Worker-39] INFO  o.e.m.c.i.embedder.EclipseLogger - skip non existing resourceDirectory C:\Users\logonrmlocal\Desktop\git\02_ConceitosJPA\src\test\resources
2019-05-22 20:14:37,827 [Worker-29] INFO  o.e.m.c.i.l.LifecycleMappingFactory - Using org.eclipse.m2e.jdt.JarLifecycleMapping lifecycle mapping for MavenProject: 02_ConceitosJPA:02_ConceitosJPA:1.0.0 @ C:\Users\logonrmlocal\Desktop\git\02_ConceitosJPA\pom.xml.
2019-05-22 20:14:38,644 [Worker-29] INFO  o.e.m.c.i.e.AbstractTransferListenerAdapter - Downloading https://repo.maven.apache.org/maven2/mysql/mysql-connector-java/5.1.42/mysql-connector-java-5.1.42.pom
2019-05-22 20:14:38,785 [Worker-29] INFO  o.e.m.c.i.e.AbstractTransferListenerAdapter - Downloaded https://repo.maven.apache.org/maven2/mysql/mysql-connector-java/5.1.42/mysql-connector-java-5.1.42.pom
2019-05-22 20:14:38,947 [Worker-29] INFO  o.e.m.c.i.e.AbstractTransferListenerAdapter - Downloading https://repo.maven.apache.org/maven2/mysql/mysql-connector-java/5.1.42/mysql-connector-java-5.1.42.jar
2019-05-22 20:14:40,134 [Worker-29] INFO  o.e.m.c.i.e.AbstractTransferListenerAdapter - Downloaded https://repo.maven.apache.org/maven2/mysql/mysql-connector-java/5.1.42/mysql-connector-java-5.1.42.jar
2019-05-22 20:14:40,508 [Worker-29] WARN  o.e.m.c.i.embedder.EclipseLogger - Using platform encoding (Cp1252 actually) to copy filtered resources, i.e. build is platform dependent!
2019-05-22 20:14:40,510 [Worker-29] INFO  o.e.m.c.i.embedder.EclipseLogger - Copying 0 resource
2019-05-22 20:14:40,512 [Worker-29] WARN  o.e.m.c.i.embedder.EclipseLogger - Using platform encoding (Cp1252 actually) to copy filtered resources, i.e. build is platform dependent!
2019-05-22 20:14:40,513 [Worker-29] INFO  o.e.m.c.i.embedder.EclipseLogger - skip non existing resourceDirectory C:\Users\logonrmlocal\Desktop\git\02_ConceitosJPA\src\test\resources
2019-05-22 20:14:41,667 [Worker-34] WARN  o.e.m.c.i.embedder.EclipseLogger - Using platform encoding (Cp1252 actually) to copy filtered resources, i.e. build is platform dependent!
2019-05-22 20:14:41,669 [Worker-34] INFO  o.e.m.c.i.embedder.EclipseLogger - Copying 1 resource
2019-05-22 20:14:41,677 [Worker-34] WARN  o.e.m.c.i.embedder.EclipseLogger - Using platform encoding (Cp1252 actually) to copy filtered resources, i.e. build is platform dependent!
2019-05-22 20:14:41,678 [Worker-34] INFO  o.e.m.c.i.embedder.EclipseLogger - skip non existing resourceDirectory C:\Users\logonrmlocal\Desktop\git\02_ConceitosJPA\src\test\resources
2019-05-22 20:15:24,308 [Worker-38] WARN  o.e.m.c.i.embedder.EclipseLogger - Using platform encoding (Cp1252 actually) to copy filtered resources, i.e. build is platform dependent!
2019-05-22 20:15:24,311 [Worker-38] INFO  o.e.m.c.i.embedder.EclipseLogger - Copying 1 resource
2019-05-22 20:15:24,316 [Worker-38] WARN  o.e.m.c.i.embedder.EclipseLogger - Using platform encoding (Cp1252 actually) to copy filtered resources, i.e. build is platform dependent!
2019-05-22 20:15:24,317 [Worker-38] INFO  o.e.m.c.i.embedder.EclipseLogger - skip non existing resourceDirectory C:\Users\logonrmlocal\Desktop\git\02_ConceitosJPA\src\test\resources
2019-05-22 20:15:37,297 [Worker-41] INFO  o.e.m.c.i.l.LifecycleMappingFactory - Using org.eclipse.m2e.jdt.JarLifecycleMapping lifecycle mapping for MavenProject: 02_ConceitosJPA:02_ConceitosJPA:1.0.0 @ C:\Users\logonrmlocal\Desktop\git\02_ConceitosJPA\pom.xml.
2019-05-22 20:15:37,437 [Worker-41] WARN  o.e.m.c.i.embedder.EclipseLogger - Using platform encoding (Cp1252 actually) to copy filtered resources, i.e. build is platform dependent!
2019-05-22 20:15:37,439 [Worker-41] INFO  o.e.m.c.i.embedder.EclipseLogger - Copying 0 resource
2019-05-22 20:15:37,440 [Worker-41] WARN  o.e.m.c.i.embedder.EclipseLogger - Using platform encoding (Cp1252 actually) to copy filtered resources, i.e. build is platform dependent!
2019-05-22 20:15:37,441 [Worker-41] INFO  o.e.m.c.i.embedder.EclipseLogger - skip non existing resourceDirectory C:\Users\logonrmlocal\Desktop\git\02_ConceitosJPA\src\test\resources
2019-05-22 20:18:29,141 [Worker-41] WARN  o.e.m.c.i.embedder.EclipseLogger - Using platform encoding (Cp1252 actually) to copy filtered resources, i.e. build is platform dependent!
2019-05-22 20:18:29,143 [Worker-41] INFO  o.e.m.c.i.embedder.EclipseLogger - Copying 1 resource
2019-05-22 20:18:29,147 [Worker-41] WARN  o.e.m.c.i.embedder.EclipseLogger - Using platform encoding (Cp1252 actually) to copy filtered resources, i.e. build is platform dependent!
2019-05-22 20:18:29,148 [Worker-41] INFO  o.e.m.c.i.embedder.EclipseLogger - skip non existing resourceDirectory C:\Users\logonrmlocal\Desktop\git\02_ConceitosJPA\src\test\resources
2019-05-22 20:18:38,645 [Worker-46] WARN  o.e.m.c.i.embedder.EclipseLogger - Using platform encoding (Cp1252 actually) to copy filtered resources, i.e. build is platform dependent!
2019-05-22 20:18:38,647 [Worker-46] INFO  o.e.m.c.i.embedder.EclipseLogger - Copying 1 resource
2019-05-22 20:18:38,648 [Worker-46] WARN  o.e.m.c.i.embedder.EclipseLogger - Using platform encoding (Cp1252 actually) to copy filtered resources, i.e. build is platform dependent!
2019-05-22 20:18:38,649 [Worker-46] INFO  o.e.m.c.i.embedder.EclipseLogger - skip non existing resourceDirectory C:\Users\logonrmlocal\Desktop\git\02_ConceitosJPA\src\test\resources
2019-05-22 20:18:59,701 [Worker-50] WARN  o.e.m.c.i.embedder.EclipseLogger - Using platform encoding (Cp1252 actually) to copy filtered resources, i.e. build is platform dependent!
2019-05-22 20:18:59,705 [Worker-50] INFO  o.e.m.c.i.embedder.EclipseLogger - Copying 1 resource
2019-05-22 20:18:59,706 [Worker-50] WARN  o.e.m.c.i.embedder.EclipseLogger - Using platform encoding (Cp1252 actually) to copy filtered resources, i.e. build is platform dependent!
2019-05-22 20:18:59,707 [Worker-50] INFO  o.e.m.c.i.embedder.EclipseLogger - skip non existing resourceDirectory C:\Users\logonrmlocal\Desktop\git\02_ConceitosJPA\src\test\resources
2019-05-22 20:19:25,141 [Worker-44] WARN  o.e.m.c.i.embedder.EclipseLogger - Using platform encoding (Cp1252 actually) to copy filtered resources, i.e. build is platform dependent!
2019-05-22 20:19:25,143 [Worker-44] INFO  o.e.m.c.i.embedder.EclipseLogger - Copying 1 resource
2019-05-22 20:19:25,145 [Worker-44] WARN  o.e.m.c.i.embedder.EclipseLogger - Using platform encoding (Cp1252 actually) to copy filtered resources, i.e. build is platform dependent!
2019-05-22 20:19:25,146 [Worker-44] INFO  o.e.m.c.i.embedder.EclipseLogger - skip non existing resourceDirectory C:\Users\logonrmlocal\Desktop\git\02_ConceitosJPA\src\test\resources
2019-05-22 20:19:43,366 [Worker-50] WARN  o.e.m.c.i.embedder.EclipseLogger - Using platform encoding (Cp1252 actually) to copy filtered resources, i.e. build is platform dependent!
2019-05-22 20:19:43,368 [Worker-50] INFO  o.e.m.c.i.embedder.EclipseLogger - Copying 1 resource
2019-05-22 20:19:43,369 [Worker-50] WARN  o.e.m.c.i.embedder.EclipseLogger - Using platform encoding (Cp1252 actually) to copy filtered resources, i.e. build is platform dependent!
2019-05-22 20:19:43,370 [Worker-50] INFO  o.e.m.c.i.embedder.EclipseLogger - skip non existing resourceDirectory C:\Users\logonrmlocal\Desktop\git\02_ConceitosJPA\src\test\resources
2019-05-22 20:19:54,319 [Worker-44] WARN  o.e.m.c.i.embedder.EclipseLogger - Using platform encoding (Cp1252 actually) to copy filtered resources, i.e. build is platform dependent!
2019-05-22 20:19:54,321 [Worker-44] INFO  o.e.m.c.i.embedder.EclipseLogger - Copying 1 resource
2019-05-22 20:19:54,322 [Worker-44] WARN  o.e.m.c.i.embedder.EclipseLogger - Using platform encoding (Cp1252 actually) to copy filtered resources, i.e. build is platform dependent!
2019-05-22 20:19:54,323 [Worker-44] INFO  o.e.m.c.i.embedder.EclipseLogger - skip non existing resourceDirectory C:\Users\logonrmlocal\Desktop\git\02_ConceitosJPA\src\test\resources
2019-05-22 20:20:43,962 [Worker-50] WARN  o.e.m.c.i.embedder.EclipseLogger - Using platform encoding (Cp1252 actually) to copy filtered resources, i.e. build is platform dependent!
2019-05-22 20:20:43,964 [Worker-50] INFO  o.e.m.c.i.embedder.EclipseLogger - Copying 1 resource
2019-05-22 20:20:43,967 [Worker-50] WARN  o.e.m.c.i.embedder.EclipseLogger - Using platform encoding (Cp1252 actually) to copy filtered resources, i.e. build is platform dependent!
2019-05-22 20:20:43,967 [Worker-50] INFO  o.e.m.c.i.embedder.EclipseLogger - skip non existing resourceDirectory C:\Users\logonrmlocal\Desktop\git\02_ConceitosJPA\src\test\resources
2019-05-22 20:21:07,590 [Worker-47] WARN  o.e.m.c.i.embedder.EclipseLogger - Using platform encoding (Cp1252 actually) to copy filtered resources, i.e. build is platform dependent!
2019-05-22 20:21:07,590 [Worker-47] INFO  o.e.m.c.i.embedder.EclipseLogger - Copying 1 resource
2019-05-22 20:21:07,590 [Worker-47] WARN  o.e.m.c.i.embedder.EclipseLogger - Using platform encoding (Cp1252 actually) to copy filtered resources, i.e. build is platform dependent!
2019-05-22 20:21:07,590 [Worker-47] INFO  o.e.m.c.i.embedder.EclipseLogger - skip non existing resourceDirectory C:\Users\logonrmlocal\Desktop\git\02_ConceitosJPA\src\test\resources
2019-05-22 20:21:19,839 [Worker-52] WARN  o.e.m.c.i.embedder.EclipseLogger - Using platform encoding (Cp1252 actually) to copy filtered resources, i.e. build is platform dependent!
2019-05-22 20:21:19,855 [Worker-52] INFO  o.e.m.c.i.embedder.EclipseLogger - Copying 1 resource
2019-05-22 20:21:19,855 [Worker-52] WARN  o.e.m.c.i.embedder.EclipseLogger - Using platform encoding (Cp1252 actually) to copy filtered resources, i.e. build is platform dependent!
2019-05-22 20:21:19,855 [Worker-52] INFO  o.e.m.c.i.embedder.EclipseLogger - skip non existing resourceDirectory C:\Users\logonrmlocal\Desktop\git\02_ConceitosJPA\src\test\resources
2019-05-22 20:24:54,077 [Worker-50] WARN  o.e.m.c.i.embedder.EclipseLogger - Using platform encoding (Cp1252 actually) to copy filtered resources, i.e. build is platform dependent!
2019-05-22 20:24:54,077 [Worker-50] INFO  o.e.m.c.i.embedder.EclipseLogger - Copying 1 resource
2019-05-22 20:24:54,077 [Worker-50] WARN  o.e.m.c.i.embedder.EclipseLogger - Using platform encoding (Cp1252 actually) to copy filtered resources, i.e. build is platform dependent!
2019-05-22 20:24:54,077 [Worker-50] INFO  o.e.m.c.i.embedder.EclipseLogger - skip non existing resourceDirectory C:\Users\logonrmlocal\Desktop\git\02_ConceitosJPA\src\test\resources
2019-05-22 20:26:06,748 [Worker-52] WARN  o.e.m.c.i.embedder.EclipseLogger - Using platform encoding (Cp1252 actually) to copy filtered resources, i.e. build is platform dependent!
2019-05-22 20:26:06,763 [Worker-52] INFO  o.e.m.c.i.embedder.EclipseLogger - Copying 1 resource
2019-05-22 20:26:06,763 [Worker-52] WARN  o.e.m.c.i.embedder.EclipseLogger - Using platform encoding (Cp1252 actually) to copy filtered resources, i.e. build is platform dependent!
2019-05-22 20:26:06,763 [Worker-52] INFO  o.e.m.c.i.embedder.EclipseLogger - skip non existing resourceDirectory C:\Users\logonrmlocal\Desktop\git\02_ConceitosJPA\src\test\resources
2019-05-22 20:26:12,638 [Worker-53] WARN  o.e.m.c.i.embedder.EclipseLogger - Using platform encoding (Cp1252 actually) to copy filtered resources, i.e. build is platform dependent!
2019-05-22 20:26:12,638 [Worker-53] INFO  o.e.m.c.i.embedder.EclipseLogger - Copying 1 resource
2019-05-22 20:26:12,654 [Worker-53] WARN  o.e.m.c.i.embedder.EclipseLogger - Using platform encoding (Cp1252 actually) to copy filtered resources, i.e. build is platform dependent!
2019-05-22 20:26:12,654 [Worker-53] INFO  o.e.m.c.i.embedder.EclipseLogger - skip non existing resourceDirectory C:\Users\logonrmlocal\Desktop\git\02_ConceitosJPA\src\test\resources
2019-05-22 20:27:32,638 [Worker-50] WARN  o.e.m.c.i.embedder.EclipseLogger - Using platform encoding (Cp1252 actually) to copy filtered resources, i.e. build is platform dependent!
2019-05-22 20:27:32,638 [Worker-50] INFO  o.e.m.c.i.embedder.EclipseLogger - Copying 1 resource
2019-05-22 20:27:32,638 [Worker-50] WARN  o.e.m.c.i.embedder.EclipseLogger - Using platform encoding (Cp1252 actually) to copy filtered resources, i.e. build is platform dependent!
2019-05-22 20:27:32,638 [Worker-50] INFO  o.e.m.c.i.embedder.EclipseLogger - skip non existing resourceDirectory C:\Users\logonrmlocal\Desktop\git\02_ConceitosJPA\src\test\resources
2019-05-22 20:28:36,700 [Worker-55] WARN  o.e.m.c.i.embedder.EclipseLogger - Using platform encoding (Cp1252 actually) to copy filtered resources, i.e. build is platform dependent!
2019-05-22 20:28:36,700 [Worker-55] INFO  o.e.m.c.i.embedder.EclipseLogger - Copying 1 resource
2019-05-22 20:28:36,700 [Worker-55] WARN  o.e.m.c.i.embedder.EclipseLogger - Using platform encoding (Cp1252 actually) to copy filtered resources, i.e. build is platform dependent!
2019-05-22 20:28:36,700 [Worker-55] INFO  o.e.m.c.i.embedder.EclipseLogger - skip non existing resourceDirectory C:\Users\logonrmlocal\Desktop\git\02_ConceitosJPA\src\test\resources
2019-05-22 20:29:16,778 [Worker-46] WARN  o.e.m.c.i.embedder.EclipseLogger - Using platform encoding (Cp1252 actually) to copy filtered resources, i.e. build is platform dependent!
2019-05-22 20:29:16,778 [Worker-46] INFO  o.e.m.c.i.embedder.EclipseLogger - Copying 1 resource
2019-05-22 20:29:16,778 [Worker-46] WARN  o.e.m.c.i.embedder.EclipseLogger - Using platform encoding (Cp1252 actually) to copy filtered resources, i.e. build is platform dependent!
2019-05-22 20:29:16,778 [Worker-46] INFO  o.e.m.c.i.embedder.EclipseLogger - skip non existing resourceDirectory C:\Users\logonrmlocal\Desktop\git\02_ConceitosJPA\src\test\resources
2019-05-22 20:30:33,730 [Worker-55] WARN  o.e.m.c.i.embedder.EclipseLogger - Using platform encoding (Cp1252 actually) to copy filtered resources, i.e. build is platform dependent!
2019-05-22 20:30:33,745 [Worker-55] INFO  o.e.m.c.i.embedder.EclipseLogger - Copying 1 resource
2019-05-22 20:30:33,745 [Worker-55] WARN  o.e.m.c.i.embedder.EclipseLogger - Using platform encoding (Cp1252 actually) to copy filtered resources, i.e. build is platform dependent!
2019-05-22 20:30:33,761 [Worker-55] INFO  o.e.m.c.i.embedder.EclipseLogger - skip non existing resourceDirectory C:\Users\logonrmlocal\Desktop\git\02_ConceitosJPA\src\test\resources
2019-05-22 20:35:23,609 [Worker-47] WARN  o.e.m.c.i.embedder.EclipseLogger - Using platform encoding (Cp1252 actually) to copy filtered resources, i.e. build is platform dependent!
2019-05-22 20:35:23,609 [Worker-47] INFO  o.e.m.c.i.embedder.EclipseLogger - Copying 1 resource
2019-05-22 20:35:23,609 [Worker-47] WARN  o.e.m.c.i.embedder.EclipseLogger - Using platform encoding (Cp1252 actually) to copy filtered resources, i.e. build is platform dependent!
2019-05-22 20:35:23,625 [Worker-47] INFO  o.e.m.c.i.embedder.EclipseLogger - skip non existing resourceDirectory C:\Users\logonrmlocal\Desktop\git\02_ConceitosJPA\src\test\resources
2019-05-22 20:35:55,576 [Worker-44] WARN  o.e.m.c.i.embedder.EclipseLogger - Using platform encoding (Cp1252 actually) to copy filtered resources, i.e. build is platform dependent!
2019-05-22 20:35:55,576 [Worker-44] INFO  o.e.m.c.i.embedder.EclipseLogger - Copying 1 resource
2019-05-22 20:35:55,592 [Worker-44] WARN  o.e.m.c.i.embedder.EclipseLogger - Using platform encoding (Cp1252 actually) to copy filtered resources, i.e. build is platform dependent!
2019-05-22 20:35:55,592 [Worker-44] INFO  o.e.m.c.i.embedder.EclipseLogger - skip non existing resourceDirectory C:\Users\logonrmlocal\Desktop\git\02_ConceitosJPA\src\test\resources
2019-05-22 20:35:57,732 [Worker-56] WARN  o.e.m.c.i.embedder.EclipseLogger - Using platform encoding (Cp1252 actually) to copy filtered resources, i.e. build is platform dependent!
2019-05-22 20:35:57,732 [Worker-56] INFO  o.e.m.c.i.embedder.EclipseLogger - Copying 1 resource
2019-05-22 20:35:57,732 [Worker-56] WARN  o.e.m.c.i.embedder.EclipseLogger - Using platform encoding (Cp1252 actually) to copy filtered resources, i.e. build is platform dependent!
2019-05-22 20:35:57,732 [Worker-56] INFO  o.e.m.c.i.embedder.EclipseLogger - skip non existing resourceDirectory C:\Users\logonrmlocal\Desktop\git\02_ConceitosJPA\src\test\resources
2019-05-22 20:36:22,231 [Worker-49] WARN  o.e.m.c.i.embedder.EclipseLogger - Using platform encoding (Cp1252 actually) to copy filtered resources, i.e. build is platform dependent!
2019-05-22 20:36:22,231 [Worker-49] INFO  o.e.m.c.i.embedder.EclipseLogger - Copying 1 resource
2019-05-22 20:36:22,231 [Worker-49] WARN  o.e.m.c.i.embedder.EclipseLogger - Using platform encoding (Cp1252 actually) to copy filtered resources, i.e. build is platform dependent!
2019-05-22 20:36:22,231 [Worker-49] INFO  o.e.m.c.i.embedder.EclipseLogger - skip non existing resourceDirectory C:\Users\logonrmlocal\Desktop\git\02_ConceitosJPA\src\test\resources
2019-05-22 20:36:25,434 [Worker-54] WARN  o.e.m.c.i.embedder.EclipseLogger - Using platform encoding (Cp1252 actually) to copy filtered resources, i.e. build is platform dependent!
2019-05-22 20:36:25,434 [Worker-54] INFO  o.e.m.c.i.embedder.EclipseLogger - Copying 1 resource
2019-05-22 20:36:25,434 [Worker-54] WARN  o.e.m.c.i.embedder.EclipseLogger - Using platform encoding (Cp1252 actually) to copy filtered resources, i.e. build is platform dependent!
2019-05-22 20:36:25,434 [Worker-54] INFO  o.e.m.c.i.embedder.EclipseLogger - skip non existing resourceDirectory C:\Users\logonrmlocal\Desktop\git\02_ConceitosJPA\src\test\resources
2019-05-22 20:43:03,416 [Worker-61] WARN  o.e.m.c.i.embedder.EclipseLogger - Using platform encoding (Cp1252 actually) to copy filtered resources, i.e. build is platform dependent!
2019-05-22 20:43:03,416 [Worker-61] INFO  o.e.m.c.i.embedder.EclipseLogger - Copying 1 resource
2019-05-22 20:43:03,416 [Worker-61] WARN  o.e.m.c.i.embedder.EclipseLogger - Using platform encoding (Cp1252 actually) to copy filtered resources, i.e. build is platform dependent!
2019-05-22 20:43:03,416 [Worker-61] INFO  o.e.m.c.i.embedder.EclipseLogger - skip non existing resourceDirectory C:\Users\logonrmlocal\Desktop\git\02_ConceitosJPA\src\test\resources
2019-05-22 20:45:29,605 [Worker-53] WARN  o.e.m.c.i.embedder.EclipseLogger - Using platform encoding (Cp1252 actually) to copy filtered resources, i.e. build is platform dependent!
2019-05-22 20:45:29,605 [Worker-53] INFO  o.e.m.c.i.embedder.EclipseLogger - Copying 1 resource
2019-05-22 20:45:29,605 [Worker-53] WARN  o.e.m.c.i.embedder.EclipseLogger - Using platform encoding (Cp1252 actually) to copy filtered resources, i.e. build is platform dependent!
2019-05-22 20:45:29,605 [Worker-53] INFO  o.e.m.c.i.embedder.EclipseLogger - skip non existing resourceDirectory C:\Users\logonrmlocal\Desktop\git\02_ConceitosJPA\src\test\resources
2019-05-22 20:45:40,996 [Worker-62] WARN  o.e.m.c.i.embedder.EclipseLogger - Using platform encoding (Cp1252 actually) to copy filtered resources, i.e. build is platform dependent!
2019-05-22 20:45:40,996 [Worker-62] INFO  o.e.m.c.i.embedder.EclipseLogger - Copying 1 resource
2019-05-22 20:45:40,996 [Worker-62] WARN  o.e.m.c.i.embedder.EclipseLogger - Using platform encoding (Cp1252 actually) to copy filtered resources, i.e. build is platform dependent!
2019-05-22 20:45:40,996 [Worker-62] INFO  o.e.m.c.i.embedder.EclipseLogger - skip non existing resourceDirectory C:\Users\logonrmlocal\Desktop\git\02_ConceitosJPA\src\test\resources
2019-05-22 20:46:13,325 [Worker-66] WARN  o.e.m.c.i.embedder.EclipseLogger - Using platform encoding (Cp1252 actually) to copy filtered resources, i.e. build is platform dependent!
2019-05-22 20:46:13,325 [Worker-66] INFO  o.e.m.c.i.embedder.EclipseLogger - Copying 1 resource
2019-05-22 20:46:13,325 [Worker-66] WARN  o.e.m.c.i.embedder.EclipseLogger - Using platform encoding (Cp1252 actually) to copy filtered resources, i.e. build is platform dependent!
2019-05-22 20:46:13,340 [Worker-66] INFO  o.e.m.c.i.embedder.EclipseLogger - skip non existing resourceDirectory C:\Users\logonrmlocal\Desktop\git\02_ConceitosJPA\src\test\resources
2019-05-22 20:57:28,929 [Worker-4] INFO  c.g.t.t.d.PublishedGradleVersions - Gradle version information cache is out-of-date. Trying to update.
2019-05-22 20:57:29,288 [Worker-4] INFO  c.g.t.t.d.PublishedGradleVersions - Updating Gradle version information cache failed. Using outdated cache.
